now do Replica-office0 	 
evaluating ddl_output/Replica_ablate/office0gt-only-spd/mesh/final_mesh_eval_rec.ply
accuracy:  55.57444646493178
completion:  6.681638894181412
completion ratio:  57.021
Depth L1:  13.32632452249527
now do Replica-office1 	 
ddl_output/Replica_ablate/office1gt-only-spd not wxist, skip! 
now do Replica-office2 	 
ddl_output/Replica_ablate/office2gt-only-spd not wxist, skip! 
now do Replica-office3 	 
ddl_output/Replica_ablate/office3gt-only-spd not wxist, skip! 
now do Replica-office4 	 
ddl_output/Replica_ablate/office4gt-only-spd not wxist, skip! 
now do Replica-room0 	 
ddl_output/Replica_ablate/room0gt-only-spd not wxist, skip! 
now do Replica-room1 	 
ddl_output/Replica_ablate/room1gt-only-spd not wxist, skip! 
now do Replica-room2 	 
ddl_output/Replica_ablate/room2gt-only-spd not wxist, skip! 
