now do Replica-office0 	 
evaluating ddl_output/Replica_ablate/office0gt-wo-spd-resize2/mesh/final_mesh_eval_rec.ply
accuracy:  27.691458139683277
completion:  16.763605877614896
completion ratio:  29.630000000000003
Depth L1:  37.67988383769989
now do Replica-office1 	 
ddl_output/Replica_ablate/office1gt-wo-spd-resize2 not wxist, skip! 
now do Replica-office2 	 
ddl_output/Replica_ablate/office2gt-wo-spd-resize2 not wxist, skip! 
now do Replica-office3 	 
ddl_output/Replica_ablate/office3gt-wo-spd-resize2 not wxist, skip! 
now do Replica-office4 	 
ddl_output/Replica_ablate/office4gt-wo-spd-resize2 not wxist, skip! 
now do Replica-room0 	 
ddl_output/Replica_ablate/room0gt-wo-spd-resize2 not wxist, skip! 
now do Replica-room1 	 
ddl_output/Replica_ablate/room1gt-wo-spd-resize2 not wxist, skip! 
now do Replica-room2 	 
ddl_output/Replica_ablate/room2gt-wo-spd-resize2 not wxist, skip! 
