now do Replica-office0 	 
evaluating ddl_output/Replica_ablate/office0gt-wo-lssguide-resize2/mesh/final_mesh_eval_rec.ply
accuracy:  34.8526090122026
completion:  7.271608224502548
completion ratio:  52.8585
Depth L1:  16.93273037672043
now do Replica-office1 	 
ddl_output/Replica_ablate/office1gt-wo-lssguide-resize2 not wxist, skip! 
now do Replica-office2 	 
ddl_output/Replica_ablate/office2gt-wo-lssguide-resize2 not wxist, skip! 
now do Replica-office3 	 
ddl_output/Replica_ablate/office3gt-wo-lssguide-resize2 not wxist, skip! 
now do Replica-office4 	 
ddl_output/Replica_ablate/office4gt-wo-lssguide-resize2 not wxist, skip! 
now do Replica-room0 	 
ddl_output/Replica_ablate/room0gt-wo-lssguide-resize2 not wxist, skip! 
now do Replica-room1 	 
ddl_output/Replica_ablate/room1gt-wo-lssguide-resize2 not wxist, skip! 
now do Replica-room2 	 
ddl_output/Replica_ablate/room2gt-wo-lssguide-resize2 not wxist, skip! 
