now do Replica-office0 	 
evaluating ddl_output/Replica_ablate/office0gt-wo-lssguide/mesh/final_mesh_eval_rec.ply
accuracy:  44.18008855496135
completion:  6.729721194301426
completion ratio:  54.0985
Depth L1:  16.030563414096832
now do Replica-office1 	 
ddl_output/Replica_ablate/office1gt-wo-lssguide not wxist, skip! 
now do Replica-office2 	 
ddl_output/Replica_ablate/office2gt-wo-lssguide not wxist, skip! 
now do Replica-office3 	 
ddl_output/Replica_ablate/office3gt-wo-lssguide not wxist, skip! 
now do Replica-office4 	 
ddl_output/Replica_ablate/office4gt-wo-lssguide not wxist, skip! 
now do Replica-room0 	 
ddl_output/Replica_ablate/room0gt-wo-lssguide not wxist, skip! 
now do Replica-room1 	 
ddl_output/Replica_ablate/room1gt-wo-lssguide not wxist, skip! 
now do Replica-room2 	 
ddl_output/Replica_ablate/room2gt-wo-lssguide not wxist, skip! 
