now do Replica-office0 	 
evaluating ddl_output/Replica_ablate/office0gt-only-spd-resize2/mesh/final_mesh_eval_rec.ply
accuracy:  53.55158140031476
completion:  5.993528644959512
completion ratio:  59.380500000000005
Depth L1:  12.267614901065826
now do Replica-office1 	 
ddl_output/Replica_ablate/office1gt-only-spd-resize2 not wxist, skip! 
now do Replica-office2 	 
ddl_output/Replica_ablate/office2gt-only-spd-resize2 not wxist, skip! 
now do Replica-office3 	 
ddl_output/Replica_ablate/office3gt-only-spd-resize2 not wxist, skip! 
now do Replica-office4 	 
ddl_output/Replica_ablate/office4gt-only-spd-resize2 not wxist, skip! 
now do Replica-room0 	 
ddl_output/Replica_ablate/room0gt-only-spd-resize2 not wxist, skip! 
now do Replica-room1 	 
ddl_output/Replica_ablate/room1gt-only-spd-resize2 not wxist, skip! 
now do Replica-room2 	 
ddl_output/Replica_ablate/room2gt-only-spd-resize2 not wxist, skip! 
