now do Replica-office0 	 
ddl_output/Replica_prior/office0gt-sp-5hz-KLoss-stagecolor-tunewt not wxist, skip!
now do Replica-office1 	 
evaluating ddl_output/Replica_prior/office1gt-sp-5hz-KLoss-stagecolor-tunewt/mesh/final_mesh_eval_rec.ply
accuracy:  30.833172641045575
completion:  7.649790208194564
completion ratio:  44.649499999999996
Depth L1:  21.265988051891327
now do Replica-office2 	 
ddl_output/Replica_prior/office2gt-sp-5hz-KLoss-stagecolor-tunewt not wxist, skip!
now do Replica-office3 	 
ddl_output/Replica_prior/office3gt-sp-5hz-KLoss-stagecolor-tunewt not wxist, skip!
now do Replica-office4 	 
ddl_output/Replica_prior/office4gt-sp-5hz-KLoss-stagecolor-tunewt not wxist, skip!
now do Replica-room0 	 
evaluating ddl_output/Replica_prior/room0gt-sp-5hz-KLoss-stagecolor-tunewt/mesh/final_mesh_eval_rec.ply
accuracy:  35.44749590534998
completion:  8.169299958328578
completion ratio:  43.541000000000004
Depth L1:  17.03975796699524
now do Replica-room1 	 
ddl_output/Replica_prior/room1gt-sp-5hz-KLoss-stagecolor-tunewt not wxist, skip!
now do Replica-room2 	 
ddl_output/Replica_prior/room2gt-sp-5hz-KLoss-stagecolor-tunewt not wxist, skip!