now do Replica-office0 	 
evaluating ddl_output/Replica_prior/office0orbfix/mesh/final_mesh_eval_rec.ply
accuracy:  38.73804034869903
completion:  34.96892258469407
completion ratio:  15.146999999999998
Depth L1:  81.68536424636841
now do Replica-office1 	 
evaluating ddl_output/Replica_prior/office1orbfix/mesh/final_mesh_eval_rec.ply
accuracy:  24.762066851228383
completion:  19.15060913109483
completion ratio:  28.8825
Depth L1:  35.81375181674957
now do Replica-office2 	 
evaluating ddl_output/Replica_prior/office2orbfix/mesh/final_mesh_eval_rec.ply
accuracy:  42.123610763147994
completion:  65.07717703971261
completion ratio:  7.28
Depth L1:  120.12941837310791
now do Replica-office3 	 
evaluating ddl_output/Replica_prior/office3orbfix/mesh/final_mesh_eval_rec.ply
accuracy:  31.015027698360132
completion:  62.86618467521639
completion ratio:  11.5805
Depth L1:  101.84851884841919
now do Replica-office4 	 
evaluating ddl_output/Replica_prior/office4orbfix/mesh/final_mesh_eval_rec.ply
accuracy:  50.105536649686364
completion:  72.42841768594002
completion ratio:  5.5125
Depth L1:  141.30226373672485
now do Replica-room0 	 
evaluating ddl_output/Replica_prior/room0orbfix/mesh/final_mesh_eval_rec.ply
accuracy:  54.86809760257687
completion:  140.4774099135549
completion ratio:  1.0055
Depth L1:  162.017822265625
now do Replica-room1 	 
ddl_output/Replica_prior/room1orbfix not exist, skip! 
now do Replica-room2 	 
evaluating ddl_output/Replica_prior/room2orbfix/mesh/final_mesh_eval_rec.ply
accuracy:  34.227148798390076
completion:  38.97299445941667
completion ratio:  13.755500000000001
Depth L1:  72.63640761375427
