now do Replica-office0 	 
evaluating ddl_output/Replica_ablate/office0gt-wo-KL-resize2/mesh/final_mesh_eval_rec.ply
accuracy:  31.725509629896813
completion:  6.794773948623346
completion ratio:  54.7495
Depth L1:  12.475494295358658
now do Replica-office1 	 
ddl_output/Replica_ablate/office1gt-wo-KL-resize2 not wxist, skip! 
now do Replica-office2 	 
ddl_output/Replica_ablate/office2gt-wo-KL-resize2 not wxist, skip! 
now do Replica-office3 	 
ddl_output/Replica_ablate/office3gt-wo-KL-resize2 not wxist, skip! 
now do Replica-office4 	 
ddl_output/Replica_ablate/office4gt-wo-KL-resize2 not wxist, skip! 
now do Replica-room0 	 
ddl_output/Replica_ablate/room0gt-wo-KL-resize2 not wxist, skip! 
now do Replica-room1 	 
ddl_output/Replica_ablate/room1gt-wo-KL-resize2 not wxist, skip! 
now do Replica-room2 	 
ddl_output/Replica_ablate/room2gt-wo-KL-resize2 not wxist, skip! 
